(0000) 3000  0011000000000000 (   2)                 .ORIG x3000
(3000) 1FE1  0001111111100001 (   4)                 ADD   R7 R7 #1
(3001) E018  1110000000011000 (   8) INPUTLOOP       LEA   R0 PROMPT
(3002) F022  1111000000100010 (   9)                 TRAP  x22
(3003) F020  1111000000100000 (  10)                 TRAP  x20
(3004) F021  1111000000100001 (  11)                 TRAP  x21
(3005) 1836  0001100000110110 (  12)                 ADD   R4 R0 #-10
(3006) 0410  0000010000010000 (  13)                 BRZ   SKIP
(3007) 1620  0001011000100000 (  14)                 ADD   R3 R0 #0
(3008) 2A5B  0010101001011011 (  15)                 LD    R5 ASCIIOFFSET
(3009) 16C5  0001011011000101 (  16)                 ADD   R3 R3 R5
(300A) 0403  0000010000000011 (  17)                 BRZ   ZERO
(300B) 58E1  0101100011100001 (  21)                 AND   R4 R3 #1
(300C) 0407  0000010000000111 (  22)                 BRZ   EVEN
(300D) 0A03  0000101000000011 (  23)                 BRNP  ODD
(300E) E045  1110000001000101 (  25) ZERO            LEA   R0 MSG4
(300F) F022  1111000000100010 (  26)                 TRAP  x22
(3010) 0FF0  0000111111110000 (  27)                 BRNZP INPUTLOOP
(3011) E01C  1110000000011100 (  29) ODD             LEA   R0 MSG1
(3012) F022  1111000000100010 (  30)                 TRAP  x22
(3013) 0FED  0000111111101101 (  31)                 BRNZP INPUTLOOP
(3014) E025  1110000000100101 (  33) EVEN            LEA   R0 MSG2
(3015) F022  1111000000100010 (  34)                 TRAP  x22
(3016) 0FEA  0000111111101010 (  35)                 BRNZP INPUTLOOP
(3017) E02F  1110000000101111 (  37) SKIP            LEA   R0 MSG3
(3018) F022  1111000000100010 (  38)                 TRAP  x22
(3019) F025  1111000000100101 (  40) STOP            TRAP  x25
(301A) 0045  0000000001000101 (  41) PROMPT          .FILL x0045
(301B) 006E  0000000001101110 (  41)                 .FILL x006E
(301C) 0074  0000000001110100 (  41)                 .FILL x0074
(301D) 0065  0000000001100101 (  41)                 .FILL x0065
(301E) 0072  0000000001110010 (  41)                 .FILL x0072
(301F) 0020  0000000000100000 (  41)                 .FILL x0020
(3020) 0061  0000000001100001 (  41)                 .FILL x0061
(3021) 0020  0000000000100000 (  41)                 .FILL x0020
(3022) 0063  0000000001100011 (  41)                 .FILL x0063
(3023) 0068  0000000001101000 (  41)                 .FILL x0068
(3024) 0061  0000000001100001 (  41)                 .FILL x0061
(3025) 0072  0000000001110010 (  41)                 .FILL x0072
(3026) 0061  0000000001100001 (  41)                 .FILL x0061
(3027) 0063  0000000001100011 (  41)                 .FILL x0063
(3028) 0074  0000000001110100 (  41)                 .FILL x0074
(3029) 0065  0000000001100101 (  41)                 .FILL x0065
(302A) 0072  0000000001110010 (  41)                 .FILL x0072
(302B) 003A  0000000000111010 (  41)                 .FILL x003A
(302C) 0020  0000000000100000 (  41)                 .FILL x0020
(302D) 0000  0000000000000000 (  41)                 .FILL x0000
(302E) 000A  0000000000001010 (  42) MSG1            .FILL x000A
(302F) 0049  0000000001001001 (  42)                 .FILL x0049
(3030) 0074  0000000001110100 (  42)                 .FILL x0074
(3031) 0020  0000000000100000 (  42)                 .FILL x0020
(3032) 0069  0000000001101001 (  42)                 .FILL x0069
(3033) 0073  0000000001110011 (  42)                 .FILL x0073
(3034) 0020  0000000000100000 (  42)                 .FILL x0020
(3035) 006F  0000000001101111 (  42)                 .FILL x006F
(3036) 0064  0000000001100100 (  42)                 .FILL x0064
(3037) 0064  0000000001100100 (  42)                 .FILL x0064
(3038) 000A  0000000000001010 (  42)                 .FILL x000A
(3039) 0000  0000000000000000 (  42)                 .FILL x0000
(303A) 000A  0000000000001010 (  43) MSG2            .FILL x000A
(303B) 0049  0000000001001001 (  43)                 .FILL x0049
(303C) 0074  0000000001110100 (  43)                 .FILL x0074
(303D) 0020  0000000000100000 (  43)                 .FILL x0020
(303E) 0069  0000000001101001 (  43)                 .FILL x0069
(303F) 0073  0000000001110011 (  43)                 .FILL x0073
(3040) 0020  0000000000100000 (  43)                 .FILL x0020
(3041) 0065  0000000001100101 (  43)                 .FILL x0065
(3042) 0076  0000000001110110 (  43)                 .FILL x0076
(3043) 0065  0000000001100101 (  43)                 .FILL x0065
(3044) 006E  0000000001101110 (  43)                 .FILL x006E
(3045) 000A  0000000000001010 (  43)                 .FILL x000A
(3046) 0000  0000000000000000 (  43)                 .FILL x0000
(3047) 000A  0000000000001010 (  44) MSG3            .FILL x000A
(3048) 0054  0000000001010100 (  44)                 .FILL x0054
(3049) 0068  0000000001101000 (  44)                 .FILL x0068
(304A) 0061  0000000001100001 (  44)                 .FILL x0061
(304B) 006E  0000000001101110 (  44)                 .FILL x006E
(304C) 006B  0000000001101011 (  44)                 .FILL x006B
(304D) 0020  0000000000100000 (  44)                 .FILL x0020
(304E) 0079  0000000001111001 (  44)                 .FILL x0079
(304F) 006F  0000000001101111 (  44)                 .FILL x006F
(3050) 0075  0000000001110101 (  44)                 .FILL x0075
(3051) 0021  0000000000100001 (  44)                 .FILL x0021
(3052) 000A  0000000000001010 (  44)                 .FILL x000A
(3053) 0000  0000000000000000 (  44)                 .FILL x0000
(3054) 000A  0000000000001010 (  45) MSG4            .FILL x000A
(3055) 005A  0000000001011010 (  45)                 .FILL x005A
(3056) 0065  0000000001100101 (  45)                 .FILL x0065
(3057) 0072  0000000001110010 (  45)                 .FILL x0072
(3058) 006F  0000000001101111 (  45)                 .FILL x006F
(3059) 0020  0000000000100000 (  45)                 .FILL x0020
(305A) 0069  0000000001101001 (  45)                 .FILL x0069
(305B) 0073  0000000001110011 (  45)                 .FILL x0073
(305C) 0020  0000000000100000 (  45)                 .FILL x0020
(305D) 0063  0000000001100011 (  45)                 .FILL x0063
(305E) 0072  0000000001110010 (  45)                 .FILL x0072
(305F) 0061  0000000001100001 (  45)                 .FILL x0061
(3060) 007A  0000000001111010 (  45)                 .FILL x007A
(3061) 0079  0000000001111001 (  45)                 .FILL x0079
(3062) 000A  0000000000001010 (  45)                 .FILL x000A
(3063) 0000  0000000000000000 (  45)                 .FILL x0000
(3064) FFD0  1111111111010000 (  46) ASCIIOFFSET     .FILL xFFD0
